# JRE version: Java(TM) SE Runtime Environment (16.0.2+7) (build 16.0.2+7-67)
# Java VM: Java HotSpot(TM) 64-Bit Server VM (16.0.2+7-67, mixed mode, sharing, tiered, compressed oops, compressed class ptrs, g1 gc, linux-amd64)
GC Precious Log:
 CPUs: 4 total, 4 available
 Memory: 7863M
 Large Page Support: Disabled
 NUMA Support: Disabled
 Compressed Oops: Enabled (32-bit)
 Heap Region Size: 1M
 Heap Min Capacity: 8M
 Heap Initial Capacity: 124M
 Heap Max Capacity: 1966M
 Pre-touch: Disabled
 Parallel Workers: 4
 Concurrent Workers: 1
 Concurrent Refinement Workers: 4
 Periodic GC: Disabled
Heap:
 garbage-first heap   total 360448K, used 89291K [0x0000000085200000, 0x0000000100000000)
  region size 1024K, 1 young (1024K), 1 survivors (1024K)
 Metaspace       used 19975K, committed 20288K, reserved 1073152K
  class space    used 2277K, committed 2432K, reserved 1048576K
GC Heap History (20 events):
Event: 77.749 GC heap after
{Heap after GC invocations=184 (full 0):
 garbage-first heap   total 360448K, used 89190K [0x0000000085200000, 0x0000000100000000)
  region size 1024K, 1 young (1024K), 1 survivors (1024K)
 Metaspace       used 19975K, committed 20288K, reserved 1073152K
  class space    used 2277K, committed 2432K, reserved 1048576K
}
Event: 78.280 GC heap before
{Heap before GC invocations=184 (full 0):
 garbage-first heap   total 360448K, used 155750K [0x0000000085200000, 0x0000000100000000)
  region size 1024K, 3 young (3072K), 1 survivors (1024K)
 Metaspace       used 19975K, committed 20288K, reserved 1073152K
  class space    used 2277K, committed 2432K, reserved 1048576K
}
Event: 78.282 GC heap after
{Heap after GC invocations=185 (full 0):
 garbage-first heap   total 360448K, used 113821K [0x0000000085200000, 0x0000000100000000)
  region size 1024K, 1 young (1024K), 1 survivors (1024K)
 Metaspace       used 19975K, committed 20288K, reserved 1073152K
  class space    used 2277K, committed 2432K, reserved 1048576K
}
Event: 78.677 GC heap before
{Heap before GC invocations=185 (full 0):
 garbage-first heap   total 360448K, used 155805K [0x0000000085200000, 0x0000000100000000)
  region size 1024K, 3 young (3072K), 1 survivors (1024K)
 Metaspace       used 19975K, committed 20288K, reserved 1073152K
  class space    used 2277K, committed 2432K, reserved 1048576K
}
Event: 78.702 GC heap after
{Heap after GC invocations=186 (full 0):
 garbage-first heap   total 360448K, used 89220K [0x0000000085200000, 0x0000000100000000)
  region size 1024K, 1 young (1024K), 1 survivors (1024K)
 Metaspace       used 19975K, committed 20288K, reserved 1073152K
  class space    used 2277K, committed 2432K, reserved 1048576K
}
Event: 79.393 GC heap before
{Heap before GC invocations=186 (full 0):
 garbage-first heap   total 360448K, used 156804K [0x0000000085200000, 0x0000000100000000)
  region size 1024K, 4 young (4096K), 1 survivors (1024K)
 Metaspace       used 19975K, committed 20288K, reserved 1073152K
  class space    used 2277K, committed 2432K, reserved 1048576K
}
Event: 79.419 GC heap after
{Heap after GC invocations=187 (full 0):
 garbage-first heap   total 360448K, used 113842K [0x0000000085200000, 0x0000000100000000)
  region size 1024K, 1 young (1024K), 1 survivors (1024K)
 Metaspace       used 19975K, committed 20288K, reserved 1073152K
  class space    used 2277K, committed 2432K, reserved 1048576K
}
Event: 79.575 GC heap before
{Heap before GC invocations=187 (full 0):
 garbage-first heap   total 360448K, used 155826K [0x0000000085200000, 0x0000000100000000)
  region size 1024K, 3 young (3072K), 1 survivors (1024K)
 Metaspace       used 19975K, committed 20288K, reserved 1073152K
  class space    used 2277K, committed 2432K, reserved 1048576K
}
Event: 79.577 GC heap after
{Heap after GC invocations=188 (full 0):
 garbage-first heap   total 360448K, used 89200K [0x0000000085200000, 0x0000000100000000)
  region size 1024K, 1 young (1024K), 1 survivors (1024K)
 Metaspace       used 19975K, committed 20288K, reserved 1073152K
  class space    used 2277K, committed 2432K, reserved 1048576K
}
Event: 79.991 GC heap before
{Heap before GC invocations=188 (full 0):
 garbage-first heap   total 360448K, used 155760K [0x0000000085200000, 0x0000000100000000)
  region size 1024K, 3 young (3072K), 1 survivors (1024K)
 Metaspace       used 19975K, committed 20288K, reserved 1073152K
  class space    used 2277K, committed 2432K, reserved 1048576K
}
Event: 79.999 GC heap after
{Heap after GC invocations=189 (full 0):
 garbage-first heap   total 360448K, used 113804K [0x0000000085200000, 0x0000000100000000)
  region size 1024K, 1 young (1024K), 1 survivors (1024K)
 Metaspace       used 19975K, committed 20288K, reserved 1073152K
  class space    used 2277K, committed 2432K, reserved 1048576K
}
Event: 80.377 GC heap before
{Heap before GC invocations=189 (full 0):
 garbage-first heap   total 360448K, used 155788K [0x0000000085200000, 0x0000000100000000)
  region size 1024K, 3 young (3072K), 1 survivors (1024K)
 Metaspace       used 19975K, committed 20288K, reserved 1073152K
  class space    used 2277K, committed 2432K, reserved 1048576K
}
Event: 80.382 GC heap after
{Heap after GC invocations=190 (full 0):
 garbage-first heap   total 360448K, used 89203K [0x0000000085200000, 0x0000000100000000)
  region size 1024K, 1 young (1024K), 1 survivors (1024K)
 Metaspace       used 19975K, committed 20288K, reserved 1073152K
  class space    used 2277K, committed 2432K, reserved 1048576K
}
Event: 80.868 GC heap before
{Heap before GC invocations=190 (full 0):
 garbage-first heap   total 360448K, used 155763K [0x0000000085200000, 0x0000000100000000)
  region size 1024K, 3 young (3072K), 1 survivors (1024K)
 Metaspace       used 19975K, committed 20288K, reserved 1073152K
  class space    used 2277K, committed 2432K, reserved 1048576K
}
Event: 80.919 GC heap after
{Heap after GC invocations=191 (full 0):
 garbage-first heap   total 360448K, used 113811K [0x0000000085200000, 0x0000000100000000)
  region size 1024K, 1 young (1024K), 1 survivors (1024K)
 Metaspace       used 19975K, committed 20288K, reserved 1073152K
  class space    used 2277K, committed 2432K, reserved 1048576K
}
Event: 81.193 GC heap before
{Heap before GC invocations=191 (full 0):
 garbage-first heap   total 360448K, used 155795K [0x0000000085200000, 0x0000000100000000)
  region size 1024K, 3 young (3072K), 1 survivors (1024K)
 Metaspace       used 19975K, committed 20288K, reserved 1073152K
  class space    used 2277K, committed 2432K, reserved 1048576K
}
Event: 81.198 GC heap after
{Heap after GC invocations=192 (full 0):
 garbage-first heap   total 360448K, used 89209K [0x0000000085200000, 0x0000000100000000)
  region size 1024K, 1 young (1024K), 1 survivors (1024K)
 Metaspace       used 19975K, committed 20288K, reserved 1073152K
  class space    used 2277K, committed 2432K, reserved 1048576K
}
Event: 81.906 GC heap before
{Heap before GC invocations=192 (full 0):
 garbage-first heap   total 360448K, used 155769K [0x0000000085200000, 0x0000000100000000)
  region size 1024K, 3 young (3072K), 1 survivors (1024K)
 Metaspace       used 19975K, committed 20288K, reserved 1073152K
  class space    used 2277K, committed 2432K, reserved 1048576K
}
Event: 82.041 GC heap after
{Heap after GC invocations=193 (full 0):
 garbage-first heap   total 360448K, used 113873K [0x0000000085200000, 0x0000000100000000)
  region size 1024K, 1 young (1024K), 1 survivors (1024K)
 Metaspace       used 19975K, committed 20288K, reserved 1073152K
  class space    used 2277K, committed 2432K, reserved 1048576K
}
Event: 82.914 GC heap before
{Heap before GC invocations=193 (full 0):
 garbage-first heap   total 360448K, used 155857K [0x0000000085200000, 0x0000000100000000)
  region size 1024K, 3 young (3072K), 1 survivors (1024K)
 Metaspace       used 19975K, committed 20288K, reserved 1073152K
  class space    used 2277K, committed 2432K, reserved 1048576K
}

