<?xml version="1.0" encoding="UTF-8"?>
<testng-results ignored="0" total="1" passed="1" failed="0" skipped="0">
  <reporter-output>
  </reporter-output>
  <suite started-at="2024-02-05T17:50:12 IST" name="Default suite" finished-at="2024-02-05T17:50:25 IST" duration-ms="12987">
    <groups>
    </groups>
    <test started-at="2024-02-05T17:50:12 IST" name="Default test" finished-at="2024-02-05T17:50:25 IST" duration-ms="12987">
      <class name="grit_controls.Coordinates">
        <test-method signature="f()[pri:0, instance:grit_controls.Coordinates@1d76aeea]" started-at="2024-02-05T17:50:12 IST" name="f" finished-at="2024-02-05T17:50:25 IST" duration-ms="12952" status="PASS">
          <reporter-output>
          </reporter-output>
        </test-method> <!-- f -->
      </class> <!-- grit_controls.Coordinates -->
    </test> <!-- Default test -->
  </suite> <!-- Default suite -->
</testng-results>
